
***************************** TUFLOWFV *****************************

Build version: 2020.03.105
Build date: 28/07/2021 13:10
Build platform: Windows
Build architecture:  x86-64
Compiler version: Ifort 2021.3.0
Build precision: single
NVidia GPU enabled: Cuda v10.2.89
GIS Module Version: 2020-07-PD

********************************************************************

Computer name: DEP64896
User name: 00065525
Execution timestamp: 31/05/2022 10:29:54


Initialising TUFLOW Licence Settings...

No TUFLOW licence Settings files found.  Default settings applied.
WIBU Retry Time == 60  ! Seconds.  Values less than 1 are set to 1.  Default = 60.
WIBU Retry Count == 0  ! Number of times to retry for a licence at start of simulation.  Use -1 for indefinitely.  Default = 0.
WIBU Dongles Only == OFF  ! If set to ON, searches for WIBU dongles only.  Default is OFF.

Attempting to process input control file:
Trying to open file: hchb_Gen15_201707_202201.fvc ... OK. File unit: 101
TIME FORMAT == ISO DATE & TIME
Trying to open file: ..\..\model\material\Material_Roughness_z31.fvc ... OK. File unit: 102
Closing file unit: 102
Trying to open file: .\include\flows_basecase.fvc ... OK. File unit: 102
Closing file unit: 102
Trying to open file: .\include\met.fvc ... OK. File unit: 102
Closing file unit: 102
Trying to open file: .\include\output_basecase.fvc ... OK. File unit: 102
Closing file unit: 102
Start echoing input file:
HARDWARE TARGET == GPU
GIS FORMAT == SHP
SHP PROJECTION == ..\..\model\gis\shp\projection.prj
GIS PROJECTION CHECK == WARNING
START TIME == 01/07/2017 00:00:00
END TIME == 01/01/2022 00:00:00
TIMESTEP LIMITS ==   0.1000000    ,    15.00000
DISPLAY DT ==    3600.000
CFL EXTERNAL ==   0.9000000
CFL INTERNAL ==   0.9000000
INCLUDE SALINITY == .TRUE.
COUPLE SALINITY DENSITY == .TRUE.
INCLUDE TEMPERATURE == .TRUE.
COUPLE TEMPERATURE DENSITY == .TRUE.
INCLUDE SEDIMENT == .FALSE.
SPATIAL ORDER == 1, 2
HORIZONTALGRADIENTLIMITER == LCD
VERTICALGRADIENTLIMITER == MC
BOTTOM DRAG MODEL == KS
EQUATION OF STATE == UNESCO
WATER QUALITY MODEL == EXTERNAL
WATER QUALITY MODEL DIR == ..\..\external\AED\
STABILITY LIMITS ==    100.0000    ,    500.0000
WARNING: Wet depth is less than dry depth. Momentum will never be switched off
CELL DRY/WET DEPTHS ==   0.4000000E-01,   0.4000000E-01
G ==    9.810000
REFERENCE DENSITY ==    1025.000
LATITUDE ==   -35.80000
WIND STRESS PARAMETERS ==     0.000000   0.8000000E-03    50.00000   0.4050000E-02
INCLUDE HEAT == .TRUE.
LONG WAVE RADIATION MODEL == 3
SW RADIATION ALBEDO (MEAN AT EQUATOR) ==   0.5000000E-01
SHORTWAVE RADIATION FRACTIONS ==    0.5000000   0.4630000   0.3600000E-01   0.1000000E-02
SHORTWAVE RADIATION EXTINCTION COEFFICIENTS ==     2.000000    1.200000    2.000000    2.500000
BULK LATENT HEAT COEFFICIENT (CLN) ==   0.1300000E-02
MOMENTUM MIXING MODEL == SMAGORINSKY
SCALAR MIXING MODEL == ELDER
VERTICAL MIXING MODEL == EXTERNAL
EXTERNAL TURBULENCE MODEL DIR == ..\..\external\GOTM\
GLOBAL HORIZONTAL EDDY VISCOSITY (SMAG COEFF) ==   0.2000000
GLOBAL HORIZONTAL SCALAR DIFFUSIVITY (ELDER COEFFS) ==    250.0000    ,    25.00000
NTRACER == 5
TRACER == 1
END TRACER
TRACER == 2
END TRACER
TRACER == 3
END TRACER
TRACER == 4
END TRACER
TRACER == 5
  WATER AGE == .TRUE.
END TRACER
GEOMETRY2D == ..\..\model\geo\mesh\CoorongBGC_mesh_000.2dm
ECHO GEOMETRY == .TRUE.
READ GIS NODESTRING == ..\..\model\gis\shp\2d_ns_CoorongBGC_000_L.shp
READ GIS MAT == ..\..\model\gis\shp\31_material_zones.shp
Trying to open file: ..\..\model\material\Material_Roughness_z31.fvc ... OK. File unit: 102
MATERIAL == 73
  BOTTOM ROUGHNESS ==   0.1800000E-01
END MATERIAL
MATERIAL == 72
  BOTTOM ROUGHNESS ==   0.1800000E-01
END MATERIAL
MATERIAL == 71
  BOTTOM ROUGHNESS ==   0.1800000E-01
END MATERIAL
MATERIAL == 53
  BOTTOM ROUGHNESS ==   0.1800000E-01
END MATERIAL
MATERIAL == 102
  BOTTOM ROUGHNESS ==   0.1800000E-01
END MATERIAL
MATERIAL == 101
  BOTTOM ROUGHNESS ==   0.1800000E-01
END MATERIAL
MATERIAL == 52
  BOTTOM ROUGHNESS ==   0.1800000E-01
END MATERIAL
MATERIAL == 51
  BOTTOM ROUGHNESS ==   0.1800000E-01
END MATERIAL
MATERIAL == 104
  BOTTOM ROUGHNESS ==   0.1800000E-01
END MATERIAL
MATERIAL == 13
  BOTTOM ROUGHNESS ==   0.1800000E-01
END MATERIAL
MATERIAL == 103
  BOTTOM ROUGHNESS ==   0.1800000E-01
END MATERIAL
MATERIAL == 12
  BOTTOM ROUGHNESS ==   0.1800000E-01
END MATERIAL
MATERIAL == 11
  BOTTOM ROUGHNESS ==   0.1800000E-01
END MATERIAL
MATERIAL == 93
  BOTTOM ROUGHNESS ==   0.1800000E-01
END MATERIAL
MATERIAL == 92
  BOTTOM ROUGHNESS ==   0.1800000E-01
END MATERIAL
MATERIAL == 43
  BOTTOM ROUGHNESS ==   0.1800000E-01
END MATERIAL
MATERIAL == 91
  BOTTOM ROUGHNESS ==   0.1800000E-01
END MATERIAL
MATERIAL == 42
  BOTTOM ROUGHNESS ==   0.1800000E-01
END MATERIAL
MATERIAL == 41
  BOTTOM ROUGHNESS ==   0.1800000E-01
END MATERIAL
MATERIAL == 33
  BOTTOM ROUGHNESS ==   0.1800000E-01
END MATERIAL
MATERIAL == 32
  BOTTOM ROUGHNESS ==   0.1800000E-01
END MATERIAL
MATERIAL == 31
  BOTTOM ROUGHNESS ==   0.1800000E-01
END MATERIAL
MATERIAL == 63
  BOTTOM ROUGHNESS ==   0.1800000E-01
END MATERIAL
MATERIAL == 62
  BOTTOM ROUGHNESS ==   0.1800000E-01
END MATERIAL
MATERIAL == 83
  BOTTOM ROUGHNESS ==   0.1800000E-01
END MATERIAL
MATERIAL == 61
  BOTTOM ROUGHNESS ==   0.1800000E-01
END MATERIAL
MATERIAL == 82
  BOTTOM ROUGHNESS ==   0.1800000E-01
END MATERIAL
MATERIAL == 23
  BOTTOM ROUGHNESS ==   0.1800000E-01
END MATERIAL
MATERIAL == 81
  BOTTOM ROUGHNESS ==   0.1800000E-01
END MATERIAL
MATERIAL == 22
  BOTTOM ROUGHNESS ==   0.1800000E-01
END MATERIAL
MATERIAL == 21
  BOTTOM ROUGHNESS ==   0.1800000E-01
END MATERIAL
Closing file unit: 102
STRUCTURE LOGGING == .FALSE.
Trying to open file: .\include\flows_basecase.fvc ... OK. File unit: 102
BC == WL, 1, .\include\..\..\..\BC\Inflows\Tide\BK_20120101_20220101.csv
  BC HEADER ==  ISOTIME, WL, sal, temp, trace_1, trace_2, trace_3, trace_4, trace_5, ss1, ss1, ss1, ret, oxy, rsi, amm, nit, frp, frp_ads, doc, poc, don, pon, dop, pop, grn, grn, grn, grn, mag_ulva, mag_ulva_in
  BC SCALE ==    1.000000,   1.000000,   1.000000,   1.000000,   1.000000,   1.000000,   1.000000,   1.000000,  0.7000000,  0.2000000,  0.1000000,   1.000000,  0.8000000,   1.000000,   1.000000,   1.000000,   1.000
  BC OFFSET ==    0.000000,   0.000000,   0.000000,   0.000000,   1.000000,   0.000000,   0.000000,   0.000000,   0.000000,   0.000000,   0.000000,   0.000000,   0.000000,   0.000000,   0.000000,   0.000000,   0.000
END BC
BC == Q, 4, .\include\..\..\..\BC\Inflows\barrages\Basecase\Boundary_20120101_20220101_v6.csv
  SUB-TYPE == 2
  BC HEADER ==  ISOTIME, FLOW, SAL, TEMP, trace_1, trace_2, trace_3, trace_4, trace_5, ss1, ss1, ss1, ret, oxy, rsi, amm, nit, frp, frp_ads, doc, poc, don, pon, dop, pop, grn, grn, grn, grn, mag_ulva, mag_ulva_in
  BC SCALE ==    1.000000,   1.000000,   1.000000,   1.000000,   1.000000,   1.000000,   1.000000,   1.000000,  0.8000000,  0.1500000,  0.5000000E-01,   1.000000,  0.7000000,   1.000000,   1.000000,   1.000000,   1
END BC
BC == Q, 5, .\include\..\..\..\BC\Inflows\barrages\Basecase\Ewe_20120101_20220101_v6.csv
  SUB-TYPE == 2
  BC HEADER ==  ISOTIME, FLOW, SAL, TEMP, trace_1, trace_2, trace_3, trace_4, trace_5, ss1, ss1, ss1, ret, oxy, rsi, amm, nit, frp, frp_ads, doc, poc, don, pon, dop, pop, grn, grn, grn, grn, mag_ulva, mag_ulva_in
  BC SCALE ==    1.000000,   1.000000,   1.000000,   1.000000,   1.000000,   1.000000,   1.000000,   1.000000,  0.8000000,  0.1500000,  0.5000000E-01,   1.000000,  0.7000000,   1.000000,   1.000000,   1.000000,   1
END BC
BC == Q, 2, .\include\..\..\..\BC\Inflows\barrages\Basecase\Goolwa_20120101_20220101_v6.csv
  SUB-TYPE == 2
  BC HEADER ==  ISOTIME, FLOW, SAL, TEMP, trace_1, trace_2, trace_3, trace_4, trace_5, ss1, ss1, ss1, ret, oxy, rsi, amm, nit, frp, frp_ads, doc, poc, don, pon, dop, pop, grn, grn, grn, grn, mag_ulva, mag_ulva_in
  BC SCALE ==    1.000000,   1.000000,   1.000000,   1.000000,   1.000000,   1.000000,   1.000000,   1.000000,  0.8000000,  0.1500000,  0.5000000E-01,   1.000000,  0.7000000,   1.000000,   1.000000,   1.000000,   1
END BC
BC == Q, 3, .\include\..\..\..\BC\Inflows\barrages\Basecase\Mundoo_20120101_20220101_v6.csv
  SUB-TYPE == 2
  BC HEADER ==  ISOTIME, FLOW, SAL, TEMP, trace_1, trace_2, trace_3, trace_4, trace_5, ss1, ss1, ss1, ret, oxy, rsi, amm, nit, frp, frp_ads, doc, poc, don, pon, dop, pop, grn, grn, grn, grn, mag_ulva, mag_ulva_in
  BC SCALE ==    1.000000,   1.000000,   1.000000,   1.000000,   1.000000,   1.000000,   1.000000,   1.000000,  0.8000000,  0.1500000,  0.5000000E-01,   1.000000,  0.7000000,   1.000000,   1.000000,   1.000000,   1
END BC
BC == Q, 6, .\include\..\..\..\BC\Inflows\barrages\Basecase\Tauwitchere_20120101_20220101_v6.csv
  SUB-TYPE == 2
  BC HEADER ==  ISOTIME, FLOW, SAL, TEMP, trace_1, trace_2, trace_3, trace_4, trace_5, ss1, ss1, ss1, ret, oxy, rsi, amm, nit, frp, frp_ads, doc, poc, don, pon, dop, pop, grn, grn, grn, grn, mag_ulva, mag_ulva_in
  BC SCALE ==    1.000000,   1.000000,   1.000000,   1.000000,   1.000000,   1.000000,   1.000000,   1.000000,  0.8000000,  0.1500000,  0.5000000E-01,   1.000000,  0.7000000,   1.000000,   1.000000,   1.000000,   1
END BC
BC == QC,    378767.6    ,    6001315.    , .\include\..\..\..\BC\Inflows\SaltCk\Salt_Creek_20120101_20220101.csv
  BC HEADER ==  ISOTIME, FLOW, SAL, TEMP, trace_1, trace_2, trace_3, trace_4, trace_5, ss1, ss1, ss1, ret, oxy, rsi, amm, nit, frp, frp_ads, doc, poc, don, pon, dop, pop, grn, grn, grn, grn, mag_ulva, mag_ulva_in
  BC SCALE ==    1.000000,   1.000000,   1.000000,   1.000000,   1.000000,   1.000000,   1.000000,   1.000000,  0.5000000,  0.3000000,  0.2000000,   1.000000,   1.000000,   1.000000,   1.000000,   1.000000,   1.000
END BC
Closing file unit: 102
Trying to open file: .\include\met.fvc ... OK. File unit: 102
BC == W10, .\include\..\..\..\BC\Met\Narrung_met_20160201_20220101.csv
  BC HEADER ==  ISOTime, Wx, Wy
  BC SCALE ==    1.100000,   1.100000
END BC
BC == AIR_TEMP, .\include\..\..\..\BC\Met\Narrung_met_20160201_20220101.csv
  BC HEADER ==  ISOTime, ATemp
END BC
BC == REL_HUM, .\include\..\..\..\BC\Met\Narrung_met_20160201_20220101.csv
  BC HEADER ==  ISOTime, Rel_Hum
END BC
BC == SW_RAD, .\include\..\..\..\BC\Met\Narrung_met_20160201_20220101.csv
  BC HEADER ==  ISOTime, Sol_Rad
  BC SCALE ==   0.8000000
END BC
BC == CLOUD, .\include\..\..\..\BC\Met\Narrung_met_20160201_20220101.csv
  BC HEADER ==  ISOTime, Clouds
END BC
BC == PRECIP, .\include\..\..\..\BC\Met\Narrung_rain_20160201_20220101.csv
  BC HEADER ==  ISOTime, Precip
END BC
Closing file unit: 102
INITIAL CONDITION 2D == ..\..\BC\Initial\init_conditions_20170701_GEN15_DON3.csv
Trying to open file: .\include\output_basecase.fvc ... OK. File unit: 102
OUTPUT DIR == .\include\..\..\..\output_basecase_hd\
OUTPUT == FLUX
  OUTPUT INTERVAL ==    1800.000
END OUTPUT
OUTPUT == NETCDF
  OUTPUT PARAMETERS ==  H, V, D, SAL, TEMP, TRACE_1, TRACE_2, TRACE_3, TRACE_4, TRACE_5, W10, EVAP, AIR_TEMP,
  OUTPUT INTERVAL ==    10800.00
  COMPRESSION == .TRUE.
  SUFFIX == hd
END OUTPUT
OUTPUT == NETCDF
  OUTPUT PARAMETERS ==  W10, H, V, D, SAL, TEMP, WQ_DIAG_TOT_TN, WQ_DIAG_TOT_TP, WQ_DIAG_PHY_TCHLA, WQ_NIT_AMM, WQ_NIT_NIT, WQ_PHS_FRP, WQ_OXY_OXY, WQ_DIAG_TOT_TSS, WQ_DIAG_TOT_TURBIDITY, WQ_OGM_DOP, WQ_OGM_DON,
  OUTPUT INTERVAL ==    10800.00
  COMPRESSION == .TRUE.
  SUFFIX == wq
END OUTPUT
OUTPUT == NETCDF
  OUTPUT PARAMETERS ==  W10, H, V, D, SAL, TEMP, WQ_ALL, WQ_DIAG_ALL,
  OUTPUT INTERVAL ==    21600.00
  COMPRESSION == .TRUE.
  SUFFIX == all
END OUTPUT
WRITE RESTART DT ==    240.0000
Closing file unit: 102
Closing file unit: 101
Finished echoing input file.



Successfully processed input control files.

Initialising TUFLOW-FV engine license:

Searching for a BMT WIBU Hardware Licence...

TUFLOW FV Engine            Dongle 3793274  Expiry 2022/06/29  Local   1 of    1 (0 remaining)
Successfully found WIBU TUFLOW-FV engine licence

Initialising TUFLOW-FV simulation threads:
TUFLOW FV Threads (1)       Dongle 3793274  Expiry 2022/06/29  Local   1 of    4 (3 remaining)
Successfully initialised 1 threads.

Initialising requested TUFLOW-FV module license/s:
TUFLOW FV AD Module         Dongle 3793274  Expiry 2022/06/29  Local   1 of    1 (0 remaining)
TUFLOW FV WQ Module         Dongle 3793274  Expiry 2022/06/29  Local   1 of    1 (0 remaining)
TUFLOW FV GPU Cards (1)     Dongle 3793274  Expiry 2022/06/29  Local   1 of    1 (0 remaining)
Successful.

GIS Projection being extracted from ..\..\model\gis\shp\projection.prj
Trying to open file: ..\..\model\gis\shp\projection.prj ... OK. File unit: 101
Closing file unit: 101
Attempting to build model domain object/s:

Processing mesh geometry file/s:
Opening GIS Layer: ..\..\model\gis\shp\2d_ns_CoorongBGC_000_L.shp
GIS Layer assigned ID of 1
3 DBF Fields (Name [#/Type/Length]): ID [1/N/8]  Flags [2/C/3]  Desc [3/C/100]  

Closing GIS Layer 1 [..\..\model\gis\shp\2d_ns_CoorongBGC_000_L.shp]...
Reading 2dm mesh file...
Trying to open file: ..\..\model\geo\mesh\CoorongBGC_mesh_000.2dm ... OK. File unit: 101
Closing file unit: 101
Finished reading 2dm mesh file.

Processing mesh face connections...
Finished processing mesh face connections.

Processing external nodestrings...
External Nodestring GIS File = ..\..\model\gis\shp\2d_ns_CoorongBGC_000_L.shp.Opening GIS Layer: ..\..\model\gis\shp\2d_ns_CoorongBGC_000_L.shp
GIS Layer assigned ID of 1
3 DBF Fields (Name [#/Type/Length]): ID [1/N/8]  Flags [2/C/3]  Desc [3/C/100]  

Closing GIS Layer 1 [..\..\model\gis\shp\2d_ns_CoorongBGC_000_L.shp]...
Vertices in nodestring, 77.
External nodestring 1 (ID = 1) is OK.

Vertices in nodestring, 7.
External nodestring 2 (ID = 2) is OK.

Vertices in nodestring, 8.
External nodestring 3 (ID = 3) is OK.

Vertices in nodestring, 2.
External nodestring 4 (ID = 4) is OK.

Vertices in nodestring, 9.
External nodestring 5 (ID = 5) is OK.

Vertices in nodestring, 14.
External nodestring 6 (ID = 6) is OK.

Vertices in nodestring, 4.
External nodestring 7 (ID = 7) is OK.

Vertices in nodestring, 12.
External nodestring 8 (ID = 108) is OK.

Vertices in nodestring, 6.
External nodestring 9 (ID = 109) is OK.

Vertices in nodestring, 7.
External nodestring 10 (ID = 110) is OK.

Vertices in nodestring, 12.
External nodestring 11 (ID = 111) is OK.

Vertices in nodestring, 6.
External nodestring 12 (ID = 112) is OK.

Vertices in nodestring, 6.
External nodestring 13 (ID = 113) is OK.

Vertices in nodestring, 17.
External nodestring 14 (ID = 114) is OK.

Vertices in nodestring, 17.
External nodestring 15 (ID = 115) is OK.

Vertices in nodestring, 10.
External nodestring 16 (ID = 116) is OK.

Vertices in nodestring, 10.
External nodestring 17 (ID = 117) is OK.

Vertices in nodestring, 22.
External nodestring 18 (ID = 118) is OK.

Vertices in nodestring, 31.
External nodestring 19 (ID = 119) is OK.

Vertices in nodestring, 41.
External nodestring 20 (ID = 120) is OK.

Vertices in nodestring, 29.
External nodestring 21 (ID = 121) is OK.

Finished processing external nodestrings.

2dm and externally specified nodestring numbering is OK.

Opening GIS Layer: ..\..\model\gis\shp\31_material_zones.shp
GIS Layer assigned ID of 1
1 DBF Fields (Name [#/Type/Length]): Mat [1/N/8]  

Closing GIS Layer 1 [..\..\model\gis\shp\31_material_zones.shp]...
Trying to open file: log\hchb_Gen15_201707_202201_geo.csv ... OK. File unit: 101
Trying to open file: log\hchb_Gen15_201707_202201_geo_cellupdates.csv ... OK. File unit: 102
Trying to open file: log\hchb_Gen15_201707_202201_geo_nodestring.csv ... OK. File unit: 103

Closing file unit: 101
Closing file unit: 102
Closing file unit: 103

Found 23781 nodes.
Found 26250 2D cells.
Found 21 nodestrings.
Mesh geometry file/s succesfully processed.

Constructing domain, comprising:
 26250 2D cells.
 26250 3D cells.
 50053 3D faces.
Constructing node object...OK
Constructing cell object...OK
Constructing face object...OK
Constructing external mode objects...OK
Echoing geometry data:
Trying to open file: log\hchb_Gen15_201707_202201_geo.nc ...OK.
Closing file: log\hchb_Gen15_201707_202201_geo.nc

Successfully built model domain object/s.

Attempting to initialise atmospheric module:
Successfully initialised atmospheric module.

Attempting to initialise external turbulence model:
Initialising "GOTM" external turbulence module:
Succesfully initialised external turbulence model.

Attempting to initialise model structural configurations:
Constructing struct object...
Finished constructing struct object
Successfully initialised model structural configurations.

Attempting to initialise model boundary conditions:
Constructing fvbc object...

BC 1, Type=WL
Subtype=1
BC Nodestring id = 1
BC variable name/s = TIME, WL, SAL, TEMP, TRACE_1, TRACE_2, TRACE_3, TRACE_4, TRACE_5, WQ_1, WQ_2, WQ_3, WQ_4, WQ_5, WQ_6, WQ_7, WQ_8, WQ_9, WQ_10, WQ_11, WQ_12, WQ_13, WQ_14, WQ_15, WQ_16, WQ_17, WQ_18, WQ_19, WQ_20, WQ_
BC file header/s = ISOTIME, WL, sal, temp, trace_1, trace_2, trace_3, trace_4, trace_5, ss1, ss1, ss1, ret, oxy, rsi, amm, nit, frp, frp_ads, doc, poc, don, pon, dop, pop, grn, grn, grn, grn, mag_ulva, mag_ulva_in, mag_
BC reference time = 01/01/1990 00:00:00
BC time units = ISOTIME
BC variable offset/s =   0.00E+00, 0.00E+00, 0.00E+00, 0.00E+00, 1.00E+00, 0.00E+00, 0.00E+00, 0.00E+00, 0.00E+00, 0.00E+00, 0.00E+00, 0.00E+00, 0.00E+00, 0.00E+00, 0.00E+00, 0.00E+00, 0.00E+00, 0.00E+00, 0.00E+00, 0.00E+00, 0.00E+00, 0.00E+00, 0.00E+00, 0.00E+00, 0.00E+00, 0.00E+00, 0.00E+00, 0.00E+00, 0.00E+00, 0.00E+00, 0.00E+00
BC variable scale/s =   1.00E+00, 1.00E+00, 1.00E+00, 1.00E+00, 1.00E+00, 1.00E+00, 1.00E+00, 1.00E+00, 7.00E-01, 2.00E-01, 1.00E-01, 1.00E+00, 8.00E-01, 1.00E+00, 1.00E+00, 1.00E+00, 1.00E+00, 1.00E+00, 1.00E+00, 1.00E+00, 1.00E+00, 1.00E+00, 1.00E+00, 1.00E+00, 5.00E-01, 3.00E-01, 1.00E-01, 1.00E-01, 1.00E+00, 1.00E+00, 1.00E+00
BC variable default/s =   NaN, NaN, NaN, NaN, NaN, NaN, NaN, NaN, NaN, NaN, NaN, NaN, NaN, NaN, NaN, NaN, NaN, NaN, NaN, NaN, NaN, NaN, NaN, NaN, NaN, NaN, NaN, NaN, NaN, NaN, NaN
Trying to open file: .\include\..\..\..\BC\Inflows\Tide\BK_20120101_20220101.csv ... OK. File unit: 101
WARNING: MAG_ULVA_IN column not found in csv file. Assigning a value of             NaN
WARNING: MAG_ULVA_IP column not found in csv file. Assigning a value of             NaN
ISOTIME, WL, sal, temp, trace_1, trace_2, trace_3, trace_4, trace_5, ss1, ss1, ss1, ret, oxy, rsi, amm, nit, frp, frp_ads, doc, poc, don, pon, dop, pop, grn, grn, grn, grn, mag_ulva columns read from csvfile. 175345 lines successfully read.
Closing file unit: 101
BC 1 is OK

BC 2, Type=Q
Subtype=2
BC Nodestring id = 4
BC variable name/s = TIME, Q, SAL, TEMP, TRACE_1, TRACE_2, TRACE_3, TRACE_4, TRACE_5, WQ_1, WQ_2, WQ_3, WQ_4, WQ_5, WQ_6, WQ_7, WQ_8, WQ_9, WQ_10, WQ_11, WQ_12, WQ_13, WQ_14, WQ_15, WQ_16, WQ_17, WQ_18, WQ_19, WQ_20, WQ_2
BC file header/s = ISOTIME, FLOW, SAL, TEMP, trace_1, trace_2, trace_3, trace_4, trace_5, ss1, ss1, ss1, ret, oxy, rsi, amm, nit, frp, frp_ads, doc, poc, don, pon, dop, pop, grn, grn, grn, grn, mag_ulva, mag_ulva_in, ma
BC reference time = 01/01/1990 00:00:00
BC time units = ISOTIME
BC variable offset/s =   0.00E+00, 0.00E+00, 0.00E+00, 0.00E+00, 0.00E+00, 0.00E+00, 0.00E+00, 0.00E+00, 0.00E+00, 0.00E+00, 0.00E+00, 0.00E+00, 0.00E+00, 0.00E+00, 0.00E+00, 0.00E+00, 0.00E+00, 0.00E+00, 0.00E+00, 0.00E+00, 0.00E+00, 0.00E+00, 0.00E+00, 0.00E+00, 0.00E+00, 0.00E+00, 0.00E+00, 0.00E+00, 0.00E+00, 0.00E+00, 0.00E+00
BC variable scale/s =   1.00E+00, 1.00E+00, 1.00E+00, 1.00E+00, 1.00E+00, 1.00E+00, 1.00E+00, 1.00E+00, 8.00E-01, 1.50E-01, 5.00E-02, 1.00E+00, 7.00E-01, 1.00E+00, 1.00E+00, 1.00E+00, 1.00E+00, 1.00E+00, 7.00E-01, 1.00E-01, 7.00E-01, 1.00E-01, 7.00E-01, 1.00E-01, 2.00E-01, 1.00E-01, 0.00E+00, 0.00E+00, 1.00E+00, 1.00E+00, 1.00E+00
BC variable default/s =   NaN, NaN, NaN, NaN, NaN, NaN, NaN, NaN, NaN, NaN, NaN, NaN, NaN, NaN, NaN, NaN, NaN, NaN, NaN, NaN, NaN, NaN, NaN, NaN, NaN, NaN, NaN, NaN, NaN, NaN, NaN
Trying to open file: .\include\..\..\..\BC\Inflows\barrages\Basecase\Boundary_20120101_20220101_v6.csv ... OK. File unit: 101
WARNING: MAG_ULVA_IN column not found in csv file. Assigning a value of             NaN
WARNING: MAG_ULVA_IP column not found in csv file. Assigning a value of             NaN
ISOTIME, FLOW, SAL, TEMP, trace_1, trace_2, trace_3, trace_4, trace_5, ss1, ss1, ss1, ret, oxy, rsi, amm, nit, frp, frp_ads, doc, poc, don, pon, dop, pop, grn, grn, grn, grn, mag_ulva columns read from csvfile. 3654 lines successfully read.
Closing file unit: 101
BC 2 is OK

BC 3, Type=Q
Subtype=2
BC Nodestring id = 5
BC variable name/s = TIME, Q, SAL, TEMP, TRACE_1, TRACE_2, TRACE_3, TRACE_4, TRACE_5, WQ_1, WQ_2, WQ_3, WQ_4, WQ_5, WQ_6, WQ_7, WQ_8, WQ_9, WQ_10, WQ_11, WQ_12, WQ_13, WQ_14, WQ_15, WQ_16, WQ_17, WQ_18, WQ_19, WQ_20, WQ_2
BC file header/s = ISOTIME, FLOW, SAL, TEMP, trace_1, trace_2, trace_3, trace_4, trace_5, ss1, ss1, ss1, ret, oxy, rsi, amm, nit, frp, frp_ads, doc, poc, don, pon, dop, pop, grn, grn, grn, grn, mag_ulva, mag_ulva_in, ma
BC reference time = 01/01/1990 00:00:00
BC time units = ISOTIME
BC variable offset/s =   0.00E+00, 0.00E+00, 0.00E+00, 0.00E+00, 0.00E+00, 0.00E+00, 0.00E+00, 0.00E+00, 0.00E+00, 0.00E+00, 0.00E+00, 0.00E+00, 0.00E+00, 0.00E+00, 0.00E+00, 0.00E+00, 0.00E+00, 0.00E+00, 0.00E+00, 0.00E+00, 0.00E+00, 0.00E+00, 0.00E+00, 0.00E+00, 0.00E+00, 0.00E+00, 0.00E+00, 0.00E+00, 0.00E+00, 0.00E+00, 0.00E+00
BC variable scale/s =   1.00E+00, 1.00E+00, 1.00E+00, 1.00E+00, 1.00E+00, 1.00E+00, 1.00E+00, 1.00E+00, 8.00E-01, 1.50E-01, 5.00E-02, 1.00E+00, 7.00E-01, 1.00E+00, 1.00E+00, 1.00E+00, 1.00E+00, 1.00E+00, 7.00E-01, 1.00E-01, 7.00E-01, 1.00E-01, 7.00E-01, 1.00E-01, 2.00E-01, 1.00E-01, 0.00E+00, 0.00E+00, 1.00E+00, 1.00E+00, 1.00E+00
BC variable default/s =   NaN, NaN, NaN, NaN, NaN, NaN, NaN, NaN, NaN, NaN, NaN, NaN, NaN, NaN, NaN, NaN, NaN, NaN, NaN, NaN, NaN, NaN, NaN, NaN, NaN, NaN, NaN, NaN, NaN, NaN, NaN
Trying to open file: .\include\..\..\..\BC\Inflows\barrages\Basecase\Ewe_20120101_20220101_v6.csv ... OK. File unit: 101
WARNING: MAG_ULVA_IN column not found in csv file. Assigning a value of             NaN
WARNING: MAG_ULVA_IP column not found in csv file. Assigning a value of             NaN
ISOTIME, FLOW, SAL, TEMP, trace_1, trace_2, trace_3, trace_4, trace_5, ss1, ss1, ss1, ret, oxy, rsi, amm, nit, frp, frp_ads, doc, poc, don, pon, dop, pop, grn, grn, grn, grn, mag_ulva columns read from csvfile. 3654 lines successfully read.
Closing file unit: 101
BC 3 is OK

BC 4, Type=Q
Subtype=2
BC Nodestring id = 2
BC variable name/s = TIME, Q, SAL, TEMP, TRACE_1, TRACE_2, TRACE_3, TRACE_4, TRACE_5, WQ_1, WQ_2, WQ_3, WQ_4, WQ_5, WQ_6, WQ_7, WQ_8, WQ_9, WQ_10, WQ_11, WQ_12, WQ_13, WQ_14, WQ_15, WQ_16, WQ_17, WQ_18, WQ_19, WQ_20, WQ_2
BC file header/s = ISOTIME, FLOW, SAL, TEMP, trace_1, trace_2, trace_3, trace_4, trace_5, ss1, ss1, ss1, ret, oxy, rsi, amm, nit, frp, frp_ads, doc, poc, don, pon, dop, pop, grn, grn, grn, grn, mag_ulva, mag_ulva_in, ma
BC reference time = 01/01/1990 00:00:00
BC time units = ISOTIME
BC variable offset/s =   0.00E+00, 0.00E+00, 0.00E+00, 0.00E+00, 0.00E+00, 0.00E+00, 0.00E+00, 0.00E+00, 0.00E+00, 0.00E+00, 0.00E+00, 0.00E+00, 0.00E+00, 0.00E+00, 0.00E+00, 0.00E+00, 0.00E+00, 0.00E+00, 0.00E+00, 0.00E+00, 0.00E+00, 0.00E+00, 0.00E+00, 0.00E+00, 0.00E+00, 0.00E+00, 0.00E+00, 0.00E+00, 0.00E+00, 0.00E+00, 0.00E+00
BC variable scale/s =   1.00E+00, 1.00E+00, 1.00E+00, 1.00E+00, 1.00E+00, 1.00E+00, 1.00E+00, 1.00E+00, 8.00E-01, 1.50E-01, 5.00E-02, 1.00E+00, 7.00E-01, 1.00E+00, 1.00E+00, 1.00E+00, 1.00E+00, 1.00E+00, 7.00E-01, 1.00E-01, 7.00E-01, 1.00E-01, 7.00E-01, 1.00E-01, 2.00E-01, 1.00E-01, 0.00E+00, 0.00E+00, 1.00E+00, 1.00E+00, 1.00E+00
BC variable default/s =   NaN, NaN, NaN, NaN, NaN, NaN, NaN, NaN, NaN, NaN, NaN, NaN, NaN, NaN, NaN, NaN, NaN, NaN, NaN, NaN, NaN, NaN, NaN, NaN, NaN, NaN, NaN, NaN, NaN, NaN, NaN
Trying to open file: .\include\..\..\..\BC\Inflows\barrages\Basecase\Goolwa_20120101_20220101_v6.csv ... OK. File unit: 101
WARNING: MAG_ULVA_IN column not found in csv file. Assigning a value of             NaN
WARNING: MAG_ULVA_IP column not found in csv file. Assigning a value of             NaN
ISOTIME, FLOW, SAL, TEMP, trace_1, trace_2, trace_3, trace_4, trace_5, ss1, ss1, ss1, ret, oxy, rsi, amm, nit, frp, frp_ads, doc, poc, don, pon, dop, pop, grn, grn, grn, grn, mag_ulva columns read from csvfile. 3654 lines successfully read.
Closing file unit: 101
BC 4 is OK

BC 5, Type=Q
Subtype=2
BC Nodestring id = 3
BC variable name/s = TIME, Q, SAL, TEMP, TRACE_1, TRACE_2, TRACE_3, TRACE_4, TRACE_5, WQ_1, WQ_2, WQ_3, WQ_4, WQ_5, WQ_6, WQ_7, WQ_8, WQ_9, WQ_10, WQ_11, WQ_12, WQ_13, WQ_14, WQ_15, WQ_16, WQ_17, WQ_18, WQ_19, WQ_20, WQ_2
BC file header/s = ISOTIME, FLOW, SAL, TEMP, trace_1, trace_2, trace_3, trace_4, trace_5, ss1, ss1, ss1, ret, oxy, rsi, amm, nit, frp, frp_ads, doc, poc, don, pon, dop, pop, grn, grn, grn, grn, mag_ulva, mag_ulva_in, ma
BC reference time = 01/01/1990 00:00:00
BC time units = ISOTIME
BC variable offset/s =   0.00E+00, 0.00E+00, 0.00E+00, 0.00E+00, 0.00E+00, 0.00E+00, 0.00E+00, 0.00E+00, 0.00E+00, 0.00E+00, 0.00E+00, 0.00E+00, 0.00E+00, 0.00E+00, 0.00E+00, 0.00E+00, 0.00E+00, 0.00E+00, 0.00E+00, 0.00E+00, 0.00E+00, 0.00E+00, 0.00E+00, 0.00E+00, 0.00E+00, 0.00E+00, 0.00E+00, 0.00E+00, 0.00E+00, 0.00E+00, 0.00E+00
BC variable scale/s =   1.00E+00, 1.00E+00, 1.00E+00, 1.00E+00, 1.00E+00, 1.00E+00, 1.00E+00, 1.00E+00, 8.00E-01, 1.50E-01, 5.00E-02, 1.00E+00, 7.00E-01, 1.00E+00, 1.00E+00, 1.00E+00, 1.00E+00, 1.00E+00, 7.00E-01, 1.00E-01, 7.00E-01, 1.00E-01, 7.00E-01, 1.00E-01, 2.00E-01, 1.00E-01, 0.00E+00, 0.00E+00, 1.00E+00, 1.00E+00, 1.00E+00
BC variable default/s =   NaN, NaN, NaN, NaN, NaN, NaN, NaN, NaN, NaN, NaN, NaN, NaN, NaN, NaN, NaN, NaN, NaN, NaN, NaN, NaN, NaN, NaN, NaN, NaN, NaN, NaN, NaN, NaN, NaN, NaN, NaN
Trying to open file: .\include\..\..\..\BC\Inflows\barrages\Basecase\Mundoo_20120101_20220101_v6.csv ... OK. File unit: 101
WARNING: MAG_ULVA_IN column not found in csv file. Assigning a value of             NaN
WARNING: MAG_ULVA_IP column not found in csv file. Assigning a value of             NaN
ISOTIME, FLOW, SAL, TEMP, trace_1, trace_2, trace_3, trace_4, trace_5, ss1, ss1, ss1, ret, oxy, rsi, amm, nit, frp, frp_ads, doc, poc, don, pon, dop, pop, grn, grn, grn, grn, mag_ulva columns read from csvfile. 3654 lines successfully read.
Closing file unit: 101
BC 5 is OK

BC 6, Type=Q
Subtype=2
BC Nodestring id = 6
BC variable name/s = TIME, Q, SAL, TEMP, TRACE_1, TRACE_2, TRACE_3, TRACE_4, TRACE_5, WQ_1, WQ_2, WQ_3, WQ_4, WQ_5, WQ_6, WQ_7, WQ_8, WQ_9, WQ_10, WQ_11, WQ_12, WQ_13, WQ_14, WQ_15, WQ_16, WQ_17, WQ_18, WQ_19, WQ_20, WQ_2
BC file header/s = ISOTIME, FLOW, SAL, TEMP, trace_1, trace_2, trace_3, trace_4, trace_5, ss1, ss1, ss1, ret, oxy, rsi, amm, nit, frp, frp_ads, doc, poc, don, pon, dop, pop, grn, grn, grn, grn, mag_ulva, mag_ulva_in, ma
BC reference time = 01/01/1990 00:00:00
BC time units = ISOTIME
BC variable offset/s =   0.00E+00, 0.00E+00, 0.00E+00, 0.00E+00, 0.00E+00, 0.00E+00, 0.00E+00, 0.00E+00, 0.00E+00, 0.00E+00, 0.00E+00, 0.00E+00, 0.00E+00, 0.00E+00, 0.00E+00, 0.00E+00, 0.00E+00, 0.00E+00, 0.00E+00, 0.00E+00, 0.00E+00, 0.00E+00, 0.00E+00, 0.00E+00, 0.00E+00, 0.00E+00, 0.00E+00, 0.00E+00, 0.00E+00, 0.00E+00, 0.00E+00
BC variable scale/s =   1.00E+00, 1.00E+00, 1.00E+00, 1.00E+00, 1.00E+00, 1.00E+00, 1.00E+00, 1.00E+00, 8.00E-01, 1.50E-01, 5.00E-02, 1.00E+00, 7.00E-01, 1.00E+00, 1.00E+00, 1.00E+00, 1.00E+00, 1.00E+00, 7.00E-01, 1.00E-01, 7.00E-01, 1.00E-01, 7.00E-01, 1.00E-01, 3.00E-01, 2.00E-01, 0.00E+00, 0.00E+00, 1.00E+00, 1.00E+00, 1.00E+00
BC variable default/s =   NaN, NaN, NaN, NaN, NaN, NaN, NaN, NaN, NaN, NaN, NaN, NaN, NaN, NaN, NaN, NaN, NaN, NaN, NaN, NaN, NaN, NaN, NaN, NaN, NaN, NaN, NaN, NaN, NaN, NaN, NaN
Trying to open file: .\include\..\..\..\BC\Inflows\barrages\Basecase\Tauwitchere_20120101_20220101_v6.csv ... OK. File unit: 101
WARNING: MAG_ULVA_IN column not found in csv file. Assigning a value of             NaN
WARNING: MAG_ULVA_IP column not found in csv file. Assigning a value of             NaN
ISOTIME, FLOW, SAL, TEMP, trace_1, trace_2, trace_3, trace_4, trace_5, ss1, ss1, ss1, ret, oxy, rsi, amm, nit, frp, frp_ads, doc, poc, don, pon, dop, pop, grn, grn, grn, grn, mag_ulva columns read from csvfile. 3654 lines successfully read.
Closing file unit: 101
BC 6 is OK

BC 7, Type=QC
Subtype=1
Cell id=26249
BC variable name/s = TIME, Q, SAL, TEMP, TRACE_1, TRACE_2, TRACE_3, TRACE_4, TRACE_5, WQ_1, WQ_2, WQ_3, WQ_4, WQ_5, WQ_6, WQ_7, WQ_8, WQ_9, WQ_10, WQ_11, WQ_12, WQ_13, WQ_14, WQ_15, WQ_16, WQ_17, WQ_18, WQ_19, WQ_20, WQ_2
BC file header/s = ISOTIME, FLOW, SAL, TEMP, trace_1, trace_2, trace_3, trace_4, trace_5, ss1, ss1, ss1, ret, oxy, rsi, amm, nit, frp, frp_ads, doc, poc, don, pon, dop, pop, grn, grn, grn, grn, mag_ulva, mag_ulva_in, ma
BC reference time = 01/01/1990 00:00:00
BC time units = ISOTIME
BC variable offset/s =   0.00E+00, 0.00E+00, 0.00E+00, 0.00E+00, 0.00E+00, 0.00E+00, 0.00E+00, 0.00E+00, 0.00E+00, 0.00E+00, 0.00E+00, 0.00E+00, 0.00E+00, 0.00E+00, 0.00E+00, 0.00E+00, 0.00E+00, 0.00E+00, 0.00E+00, 0.00E+00, 0.00E+00, 0.00E+00, 0.00E+00, 0.00E+00, 0.00E+00, 0.00E+00, 0.00E+00, 0.00E+00, 0.00E+00, 0.00E+00, 0.00E+00
BC variable scale/s =   1.00E+00, 1.00E+00, 1.00E+00, 1.00E+00, 1.00E+00, 1.00E+00, 1.00E+00, 1.00E+00, 5.00E-01, 3.00E-01, 2.00E-01, 1.00E+00, 1.00E+00, 1.00E+00, 1.00E+00, 1.00E+00, 1.00E+00, 1.00E+00, 1.60E+00, 4.00E-01, 1.60E+00, 4.00E-01, 1.60E+00, 4.00E-01, 8.00E-01, 2.00E-01, 0.00E+00, 0.00E+00, 1.00E+00, 1.00E+00, 1.00E+00
BC variable default/s =   NaN, NaN, NaN, NaN, NaN, NaN, NaN, NaN, NaN, NaN, NaN, NaN, NaN, NaN, NaN, NaN, NaN, NaN, NaN, NaN, NaN, NaN, NaN, NaN, NaN, NaN, NaN, NaN, NaN, NaN, NaN
Trying to open file: .\include\..\..\..\BC\Inflows\SaltCk\Salt_Creek_20120101_20220101.csv ... OK. File unit: 101
WARNING: MAG_ULVA_IN column not found in csv file. Assigning a value of             NaN
WARNING: MAG_ULVA_IP column not found in csv file. Assigning a value of             NaN
ISOTIME, FLOW, SAL, TEMP, trace_1, trace_2, trace_3, trace_4, trace_5, ss1, ss1, ss1, ret, oxy, rsi, amm, nit, frp, frp_ads, doc, poc, don, pon, dop, pop, grn, grn, grn, grn, mag_ulva columns read from csvfile. 3654 lines successfully read.
Closing file unit: 101
BC 7 is OK

BC 8, Type=W10
BC variable name/s = TIME, W10_X, W10_Y
BC file header/s = ISOTime, Wx, Wy
BC reference time = 01/01/1990 00:00:00
BC time units = ISOTIME
BC variable offset/s =   0.00E+00, 0.00E+00
BC variable scale/s =   1.10E+00, 1.10E+00
BC variable default/s =   NaN, NaN
Trying to open file: .\include\..\..\..\BC\Met\Narrung_met_20160201_20220101.csv ... OK. File unit: 101
ISOTime, Wx, Wy columns read from csvfile. 51865 lines successfully read.
Closing file unit: 101
BC 8 is OK

BC 9, Type=AIR_TEMP
BC variable name/s = TIME, AIR_TEMP
BC file header/s = ISOTime, ATemp
BC reference time = 01/01/1990 00:00:00
BC time units = ISOTIME
BC variable offset/s =   0.00E+00
BC variable scale/s =   1.00E+00
BC variable default/s =   NaN
Trying to open file: .\include\..\..\..\BC\Met\Narrung_met_20160201_20220101.csv ... OK. File unit: 101
ISOTime, ATemp columns read from csvfile. 51865 lines successfully read.
Closing file unit: 101
BC 9 is OK

BC 10, Type=REL_HUM
BC variable name/s = TIME, REL_HUM
BC file header/s = ISOTime, Rel_Hum
BC reference time = 01/01/1990 00:00:00
BC time units = ISOTIME
BC variable offset/s =   0.00E+00
BC variable scale/s =   1.00E+00
BC variable default/s =   NaN
Trying to open file: .\include\..\..\..\BC\Met\Narrung_met_20160201_20220101.csv ... OK. File unit: 101
ISOTime, Rel_Hum columns read from csvfile. 51865 lines successfully read.
Closing file unit: 101
BC 10 is OK

BC 11, Type=SW_RAD
BC variable name/s = TIME, SW_RAD
BC file header/s = ISOTime, Sol_Rad
BC reference time = 01/01/1990 00:00:00
BC time units = ISOTIME
BC variable offset/s =   0.00E+00
BC variable scale/s =   8.00E-01
BC variable default/s =   NaN
Trying to open file: .\include\..\..\..\BC\Met\Narrung_met_20160201_20220101.csv ... OK. File unit: 101
ISOTime, Sol_Rad columns read from csvfile. 51865 lines successfully read.
Closing file unit: 101
BC 11 is OK

BC 12, Type=CLOUD
BC variable name/s = TIME, CLOUD
BC file header/s = ISOTime, Clouds
BC reference time = 01/01/1990 00:00:00
BC time units = ISOTIME
BC variable offset/s =   0.00E+00
BC variable scale/s =   1.00E+00
BC variable default/s =   NaN
Trying to open file: .\include\..\..\..\BC\Met\Narrung_met_20160201_20220101.csv ... OK. File unit: 101
ISOTime, Clouds columns read from csvfile. 51865 lines successfully read.
Closing file unit: 101
BC 12 is OK

BC 13, Type=PRECIP
Subtype=1
BC variable name/s = TIME, PRECIP, PRECIP_TEMP
BC file header/s = ISOTime, Precip, PRECIP_TEMP
BC reference time = 01/01/1990 00:00:00
BC time units = ISOTIME
BC variable offset/s =   0.00E+00, 0.00E+00
BC variable scale/s =   1.00E+00, 1.00E+00
BC variable default/s =   NaN, NaN
Trying to open file: .\include\..\..\..\BC\Met\Narrung_rain_20160201_20220101.csv ... OK. File unit: 101
WARNING: PRECIP_TEMP column not found in csv file. Assigning a value of             NaN
ISOTime, Precip columns read from csvfile. 2162 lines successfully read.
Closing file unit: 101
BC 13 is OK

Finished constructing fvbc object.

Initialising ghost cell boundary conditions...
Finished initialising ghost cell boundary conditions.

Initialising face object boundary conditions...
Finished initialising face object boundary conditions.

Successfully initialised model boundary conditions.

Attempting to intitialise external water quality model:

**************************************************************************
WATER QUALITY MODEL INITIALISATION
**************************************************************************

23 water quality variables to be simulated:
  1 NCS_ss1
  2 NCS_ss2
  3 NCS_ss3
  4 TRC_age
  5 OXY_oxy
  6 SIL_rsi
  7 NIT_amm
  8 NIT_nit
  9 PHS_frp
  10 PHS_frp_ads
  11 OGM_doc
  12 OGM_poc
  13 OGM_don
  14 OGM_pon
  15 OGM_dop
  16 OGM_pop
  17 PHY_grn
  18 PHY_crypt
  19 PHY_diatom
  20 PHY_dino
  21 MA2_ulva
  22 MA2_ulva_IN
  23 MA2_ulva_IP
8 benthic variables to be simulated:
  1 MAC_ruppia
  2 NCS_ss1_sed
  3 NCS_ss2_sed
  4 NCS_ss3_sed
  5 PHY_mpb
  6 MA2_ulva_ben
  7 MA2_ulva_IP_ben
  8 MA2_ulva_IN_ben
227 diagnostic variables to be reported:
  1 SDF_Fsed_oxy
  2 SDF_Fsed_dic
  3 SDF_Fsed_amm
  4 SDF_Fsed_nit
  5 SDF_Fsed_frp
  6 SDF_Fsed_poc
  7 SDF_Fsed_doc
  8 SDF_Fsed_pon
  9 SDF_Fsed_don
  10 SDF_Fsed_pop
  11 SDF_Fsed_dop
  12 MAC_par
  13 MAC_gpp
  14 MAC_npp
  15 MAC_mac_ben
  16 MAC_mac_lai
  17 MAC_mac_ag
  18 MAC_mac_bg
  19 MAC_mac_root_depth
  20 MAC_mac_root_o2
  21 NCS_ss1_vvel
  22 NCS_ss1_set
  23 NCS_ss2_vvel
  24 NCS_ss2_set
  25 NCS_ss3_vvel
  26 NCS_ss3_set
  27 NCS_ss_sed
  28 NCS_tau_0
  29 NCS_epsilon
  30 NCS_fs1
  31 NCS_fs2
  32 NCS_fs3
  33 NCS_set
  34 NCS_swi
  35 NCS_swi_dz
  36 NCS_resus
  37 NCS_d_taub
  38 OXY_sat
  39 OXY_oxy_dsf
  40 OXY_oxy_atm
  41 OXY_oxy_dsfv
  42 OXY_oxy_atmv
  43 SIL_dsf_rsi
  44 NIT_amm_dsf
  45 NIT_nit_dsf
  46 NIT_nitrif
  47 NIT_denit
  48 NIT_anammox
  49 NIT_dnra
  50 NIT_din_atm
  51 PHS_frp_ads_set
  52 PHS_frp_ads_res
  53 PHS_frp_ads_swi
  54 PHS_frp_srp
  55 PHS_frp_dsf
  56 PHS_dip_atm
  57 OGM_poc_set
  58 OGM_pon_set
  59 OGM_pop_set
  60 OGM_om_sed_frac
  61 OGM_cdom
  62 OGM_toc_sed
  63 OGM_ton_sed
  64 OGM_top_sed
  65 OGM_poc_swi
  66 OGM_doc_swi
  67 OGM_pon_swi
  68 OGM_don_swi
  69 OGM_pop_swi
  70 OGM_dop_swi
  71 OGM_poc_res
  72 OGM_pon_res
  73 OGM_pop_res
  74 OGM_poc_hyd
  75 OGM_pon_hyd
  76 OGM_pop_hyd
  77 OGM_doc_min
  78 OGM_don_min
  79 OGM_dop_min
  80 OGM_doc_anaerobic
  81 OGM_doc_denit
  82 OGM_bod5
  83 OGM_pom_vvel
  84 OGM_doc_floc
  85 PHY_grn_NtoP
  86 PHY_grn_fI
  87 PHY_grn_fNit
  88 PHY_grn_fPho
  89 PHY_grn_fSil
  90 PHY_grn_fT
  91 PHY_grn_fSal
  92 PHY_grn_gpp_c
  93 PHY_grn_rsp_c
  94 PHY_grn_exc_c
  95 PHY_grn_mor_c
  96 PHY_grn_set_c
  97 PHY_grn_gpp_n
  98 PHY_grn_rsp_n
  99 PHY_grn_exc_n
  100 PHY_grn_mor_n
  101 PHY_grn_set_n
  102 PHY_grn_gpp_p
  103 PHY_grn_rsp_p
  104 PHY_grn_exc_p
  105 PHY_grn_mor_p
  106 PHY_grn_set_p
  107 PHY_crypt_NtoP
  108 PHY_crypt_fI
  109 PHY_crypt_fNit
  110 PHY_crypt_fPho
  111 PHY_crypt_fSil
  112 PHY_crypt_fT
  113 PHY_crypt_fSal
  114 PHY_crypt_gpp_c
  115 PHY_crypt_rsp_c
  116 PHY_crypt_exc_c
  117 PHY_crypt_mor_c
  118 PHY_crypt_set_c
  119 PHY_crypt_gpp_n
  120 PHY_crypt_rsp_n
  121 PHY_crypt_exc_n
  122 PHY_crypt_mor_n
  123 PHY_crypt_set_n
  124 PHY_crypt_gpp_p
  125 PHY_crypt_rsp_p
  126 PHY_crypt_exc_p
  127 PHY_crypt_mor_p
  128 PHY_crypt_set_p
  129 PHY_diatom_NtoP
  130 PHY_diatom_fI
  131 PHY_diatom_fNit
  132 PHY_diatom_fPho
  133 PHY_diatom_fSil
  134 PHY_diatom_fT
  135 PHY_diatom_fSal
  136 PHY_diatom_gpp_c
  137 PHY_diatom_rsp_c
  138 PHY_diatom_exc_c
  139 PHY_diatom_mor_c
  140 PHY_diatom_set_c
  141 PHY_diatom_gpp_n
  142 PHY_diatom_rsp_n
  143 PHY_diatom_exc_n
  144 PHY_diatom_mor_n
  145 PHY_diatom_set_n
  146 PHY_diatom_gpp_p
  147 PHY_diatom_rsp_p
  148 PHY_diatom_exc_p
  149 PHY_diatom_mor_p
  150 PHY_diatom_set_p
  151 PHY_dino_NtoP
  152 PHY_dino_fI
  153 PHY_dino_fNit
  154 PHY_dino_fPho
  155 PHY_dino_fSil
  156 PHY_dino_fT
  157 PHY_dino_fSal
  158 PHY_dino_gpp_c
  159 PHY_dino_rsp_c
  160 PHY_dino_exc_c
  161 PHY_dino_mor_c
  162 PHY_dino_set_c
  163 PHY_dino_gpp_n
  164 PHY_dino_rsp_n
  165 PHY_dino_exc_n
  166 PHY_dino_mor_n
  167 PHY_dino_set_n
  168 PHY_dino_gpp_p
  169 PHY_dino_rsp_p
  170 PHY_dino_exc_p
  171 PHY_dino_mor_p
  172 PHY_dino_set_p
  173 PHY_set
  174 PHY_res
  175 PHY_tchla
  176 PHY_in
  177 PHY_ip
  178 PHY_gpp
  179 PHY_ncp
  180 PHY_upt_no3
  181 PHY_upt_nh4
  182 PHY_upt_n2
  183 PHY_upt_po4
  184 PHY_upt_dic
  185 PHY_par
  186 PHY_tphy
  187 PHY_ppr
  188 PHY_npr
  189 PHY_mpb_ben
  190 PHY_mpb_gpp
  191 PHY_mpb_rsp
  192 PHY_mpb_swi
  193 MA2_ulva_NtoP
  194 MA2_ulva_fI
  195 MA2_ulva_fNit
  196 MA2_ulva_fPho
  197 MA2_ulva_fSil
  198 MA2_ulva_fT
  199 MA2_ulva_fSal
  200 MA2_ulva_fI_ben
  201 MA2_ulva_fNit_ben
  202 MA2_ulva_fPho_ben
  203 MA2_ulva_fT_ben
  204 MA2_ulva_fSal_ben
  205 MA2_tmalg
  206 MA2_in
  207 MA2_ip
  208 MA2_mag_ben
  209 MA2_ip_ben
  210 MA2_in_ben
  211 MA2_gpp
  212 MA2_pup
  213 MA2_nup
  214 MA2_nmp
  215 MA2_gpp_ben
  216 MA2_nmp_ben
  217 MA2_mag_swi_c
  218 MA2_mag_swi_n
  219 MA2_mag_swi_p
  220 MA2_HSI
  221 MA2_par
  222 MA2_extc
  223 TOT_tn
  224 TOT_tp
  225 TOT_toc
  226 TOT_tss
  227 TOT_turbidity

**************************************************************************
END OF WATER QUALITY MODEL INITIALISATION
**************************************************************************

Attempting to generate model initial conditions:
Trying to open file: ..\..\BC\Initial\init_conditions_20170701_GEN15_DON3.csv ... OK. File unit: 101
WARNING: WQ_21 column not found in csv file. Assigning a value of    0.000000
WARNING: WQ_22 column not found in csv file. Assigning a value of    0.000000
WARNING: WQ_23 column not found in csv file. Assigning a value of    0.000000
 ID, WL, U, V, SAL, TEMP, TRACE_1, TRACE_2, TRACE_3, TRACE_4, TRACE_5, WQ_1, WQ_2, WQ_3, WQ_4, WQ_5, WQ_6, WQ_7, WQ_8, WQ_9, WQ_10, WQ_11, WQ_12, WQ_13, WQ_14, WQ_15, WQ_16, WQ_17, WQ_18, WQ_19, WQ_20 columns read from csvfile. 26250 lines successfully read.
Closing file unit: 101
Successfully generated model initial conditions.

Attempting to initialise model output:

Allocating output object memory:
Memory allocation OK.

Trying to open file: log\hchb_Gen15_201707_202201_geo_out.csv ... OK. File unit: 101
Processing output requests:
Processing request 1 is...

ERROR: Unknown ouput parameter type 'NCS_ss1_FLUX' encountered in output request 1

ERROR-STACK:fvdomain_construct:fvinitout:fvout_construct:process_output_parameters:Unknown ouput parameter type 'NCS_ss1_FLUX' encountered in output request 1


Simulation Summary:

Input File: C:\Users\00065525\Github\CDM\models\HCHB\hchb_Gen1.5_20220523\run\scenarios\hchb_Gen15_201707_202201.fvc
Log File: C:\Users\00065525\Github\CDM\models\HCHB\hchb_Gen1.5_20220523\run\scenarios\log\hchb_Gen15_201707_202201.log

Computer name: DEP64896
User name: 00065525
Execution Timestamp: 31/05/2022 10:29:54
Execution Completed: 31/05/2022 10:30:10

Number of warnings = 19

Closing file unit: 101
Fatal Error Encountered!

Releasing TUFLOW FV Licence...Done.
Releasing 1 TUFLOW FV Threads...Done.
Releasing TUFLOW FV AD Licence...Done.
Releasing TUFLOW FV WQ Licence...Done.
Releasing 1 TUFLOW FV GPU Cards...Done.

Exiting TUFLOWFV

